  Camera.cpp
  imgui.cpp
  imgui_demo.cpp
  imgui_draw.cpp
  imgui_impl_glfw.cpp
  imgui_impl_opengl2.cpp
  imgui_impl_opengl3.cpp
  imgui_tables.cpp
  imgui_widgets.cpp
  IndexBuffer.cpp
  Main.cpp
  Mesh.cpp
C:\ZeroEngine\ZeroEngineRep\ZeroEngine\Zero Engine\ZeroEngine\ZeroEngine\Mesh.cpp(139,49): warning C4267: 'argument': conversion from 'size_t' to 'GLsizei', possible loss of data
  Shaders.cpp
  Textures.cpp
  VertexArray.cpp
  VertexBuffer.cpp
  Generating Code...
glew32s.lib(glew.obj) : warning LNK4099: PDB '' was not found with 'glew32s.lib(glew.obj)' or at ''; linking object as if no debug info
LINK : warning LNK4098: defaultlib 'MSVCRT' conflicts with use of other libs; use /NODEFAULTLIB:library
LINK : warning LNK4098: defaultlib 'LIBCMT' conflicts with use of other libs; use /NODEFAULTLIB:library
  ZeroEngine.vcxproj -> C:\ZeroEngine\ZeroEngineRep\ZeroEngine\Zero Engine\ZeroEngine\x64\Debug\ZeroEngine.exe
